<?xml version="1.0" encoding="UTF-8"?>
<testng-results ignored="0" total="0" passed="0" failed="0" skipped="0">
  <reporter-output>
  </reporter-output>
  <suite started-at="2025-03-01T23:22:18 IST" name="Suite" finished-at="2025-03-01T23:22:18 IST" duration-ms="0">
    <groups>
      <group name="ErrorHandling">
        <method signature="ErrorValidationTest.loginErrorValidation()[pri:0, instance:Framework.tests.ErrorValidationTest@50378a4]" name="loginErrorValidation" class="Framework.tests.ErrorValidationTest"/>
      </group> <!-- ErrorHandling -->
      <group name="Purchase">
        <method signature="SubmitOrderTest.submitOrder(java.util.HashMap)[pri:0, instance:Framework.tests.SubmitOrderTest@303cf2ba]" name="submitOrder" class="Framework.tests.SubmitOrderTest"/>
      </group> <!-- Purchase -->
    </groups>
  </suite> <!-- Suite -->
</testng-results>
